<?xml version="1.0" encoding="UTF-8"?>
<!-- Generated by org.testng.reporters.JUnitXMLReporter -->
<testsuite ignored="0" hostname="DESKTOP-JSGTNCE" failures="1" tests="1" name="TestProject with chrome" time="68.113" errors="0" timestamp="2025-03-27T11:16:49 ICT">
  <testcase classname="automation.testsuite.Section2_MagnetoTestStore" name="placeOrderSuccessfully" time="26.889">
    <failure type="java.lang.AssertionError" message="expected [$90.00] but found [$180.00]">
      <![CDATA[java.lang.AssertionError: expected [$90.00] but found [$180.00]
at automation.testsuite.Section2_MagnetoTestStore.placeOrderSuccessfully(Section2_MagnetoTestStore.java:89)
at java.base/java.util.ArrayList.forEach(ArrayList.java:1596)
... Removed 31 stack frames]]>
    </failure>
  </testcase> <!-- placeOrderSuccessfully -->
</testsuite> <!-- TestProject with chrome -->
