<?xml version="1.0" encoding="UTF-8"?>
<!-- Generated by org.testng.reporters.JUnitXMLReporter -->
<testsuite ignored="0" hostname="DESKTOP-JSGTNCE" failures="0" tests="1" name="TestProject with Edge" time="46.969" errors="0" timestamp="2025-04-01T10:39:19 ICT">
  <testcase classname="automation.testsuite.TestAlada" name="@BeforeMethod openBrowser" time="46.941">
    <failure type="org.openqa.selenium.remote.http.ConnectionFailedException" message="Unable to establish websocket connection to http://localhost:57083/devtools/browser/4f94214d-57f0-4605-8d20-678309cd8f9b
Build info: version: &amp;apos;4.1.0&amp;apos;, revision: &amp;apos;87802e897b&amp;apos;
System info: host: &amp;apos;DESKTOP-JSGTNCE&amp;apos;, ip: &amp;apos;10.2.49.60&amp;apos;, os.name: &amp;apos;Windows 10&amp;apos;, os.arch: &amp;apos;amd64&amp;apos;, os.version: &amp;apos;10.0&amp;apos;, java.version: &amp;apos;21.0.6&amp;apos;
Driver info: driver.version: EdgeDriver">
      <![CDATA[org.openqa.selenium.remote.http.ConnectionFailedException: Unable to establish websocket connection to http://localhost:57083/devtools/browser/4f94214d-57f0-4605-8d20-678309cd8f9b
Build info: version: '4.1.0', revision: '87802e897b'
System info: host: 'DESKTOP-JSGTNCE', ip: '10.2.49.60', os.name: 'Windows 10', os.arch: 'amd64', os.version: '10.0', java.version: '21.0.6'
Driver info: driver.version: EdgeDriver
at org.openqa.selenium.remote.http.netty.NettyWebSocket.<init>(NettyWebSocket.java:104)
at org.openqa.selenium.remote.http.netty.NettyWebSocket.lambda$create$3(NettyWebSocket.java:137)
at org.openqa.selenium.remote.http.netty.NettyClient.openSocket(NettyClient.java:116)
at org.openqa.selenium.devtools.Connection.<init>(Connection.java:77)
at org.openqa.selenium.chromium.ChromiumDriver.lambda$new$2(ChromiumDriver.java:124)
at java.base/java.util.Optional.map(Optional.java:260)
at org.openqa.selenium.chromium.ChromiumDriver.<init>(ChromiumDriver.java:122)
at org.openqa.selenium.edge.EdgeDriver.<init>(EdgeDriver.java:49)
at org.openqa.selenium.edge.EdgeDriver.<init>(EdgeDriver.java:41)
at automation.common.CommonBase.initEdgeBrowser(CommonBase.java:232)
at automation.common.CommonBase.setUpDriver(CommonBase.java:248)
at automation.testsuite.TestAlada.openBrowser(TestAlada.java:36)
at java.base/java.util.ArrayList.forEach(ArrayList.java:1596)
... Removed 29 stack frames]]>
    </failure>
  </testcase> <!-- @BeforeMethod openBrowser -->
  <testcase classname="automation.testsuite.TestAlada" name="@AfterMethod quitBrowser" time="-1.743478759417E9">
    <skipped/>
  </testcase> <!-- @AfterMethod quitBrowser -->
  <testcase classname="automation.testsuite.TestAlada" name="loginFailed_2" time="0.0">
    <skipped/>
  </testcase> <!-- loginFailed_2 -->
</testsuite> <!-- TestProject with Edge -->
